<?xml version="1.0" encoding="UTF-8"?>
<testsuite name="Academy Choucair" tests="1" skipped="0" failures="0" errors="0" timestamp="2022-09-12T03:43:04" hostname="DESKTOP-JJID6BG" time="35.412">
  <properties/>
  <testcase name="Search for a automation course" classname="Academy Choucair" time="35.412"/>
  <system-out><![CDATA[]]></system-out>
  <system-err><![CDATA[[Test worker] WARN net.thucydides.core.steps.BaseStepListener - stepStarted: net.thucydides.core.steps.ExecutedStepDescription@5f3b9c57
[Test worker] WARN net.thucydides.core.steps.BaseStepListener - stepStarted: net.thucydides.core.steps.ExecutedStepDescription@834831b
[Test worker] WARN net.thucydides.core.steps.BaseStepListener - stepStarted: net.thucydides.core.steps.ExecutedStepDescription@1abc9f14
sep 11, 2022 10:43:05 PM org.openqa.selenium.remote.DesiredCapabilities chrome
INFORMACIÓN: Using `new ChromeOptions()` is preferred to `DesiredCapabilities.chrome()`
[Test worker] INFO net.serenitybdd.core.webdriver.driverproviders.ProvideNewDriver - Instantiating driver
[Test worker] INFO net.serenitybdd.core.webdriver.driverproviders.ProvideNewDriver - Driver capabilities: Capabilities {acceptInsecureCerts: false, browserName: chrome, chrome.switches: --start-maximized, goog:chromeOptions: {args: [--start-maximized], extensions: []}, loggingPrefs: org.openqa.selenium.logging..., platform: ANY, version: }
Starting ChromeDriver 105.0.5195.52 (412c95e518836d8a7d97250d62b29c2ae6a26a85-refs/branch-heads/5195@{#853}) on port 35783
Only local connections are allowed.
Please see https://chromedriver.chromium.org/security-considerations for suggestions on keeping ChromeDriver safe.
ChromeDriver was started successfully.
sep 11, 2022 10:43:14 PM org.openqa.selenium.remote.ProtocolHandshake createSession
INFORMACIÓN: Detected dialect: W3C
[Test worker] WARN net.thucydides.core.steps.BaseStepListener - stepFinished: current outcome:Search for a automation course:Given Julio is a young man who wants to be part of the Choucair Company [Julio open up [Julio opens the Choucair academy page]]
[Test worker] WARN net.thucydides.core.steps.BaseStepListener - stepFinished: current outcome:Search for a automation course:Given Julio is a young man who wants to be part of the Choucair Company [Julio open up [Julio opens the Choucair academy page]]
[Test worker] WARN net.thucydides.core.steps.BaseStepListener - stepStarted: net.thucydides.core.steps.ExecutedStepDescription@53b1a3f8
[Test worker] WARN net.thucydides.core.steps.BaseStepListener - stepStarted: net.thucydides.core.steps.ExecutedStepDescription@3ddb774f
[Test worker] WARN net.thucydides.core.steps.BaseStepListener - stepFinished: current outcome:Search for a automation course:Given Julio is a young man who wants to be part of the Choucair Company [Julio open up [Julio opens the Choucair academy page], Julio login [Julio clicks on button that shows us the form to login]]
[Test worker] WARN net.thucydides.core.steps.BaseStepListener - stepStarted: net.thucydides.core.steps.ExecutedStepDescription@ebda593
[Test worker] WARN net.thucydides.core.steps.BaseStepListener - stepFinished: current outcome:Search for a automation course:Given Julio is a young man who wants to be part of the Choucair Company [Julio open up [Julio opens the Choucair academy page], Julio login [Julio clicks on button that shows us the form to login, Julio enters 'Julio' into enter first name]]
[Test worker] WARN net.thucydides.core.steps.BaseStepListener - stepStarted: net.thucydides.core.steps.ExecutedStepDescription@7c369270
[Test worker] WARN net.thucydides.core.steps.BaseStepListener - stepFinished: current outcome:Search for a automation course:Given Julio is a young man who wants to be part of the Choucair Company [Julio open up [Julio opens the Choucair academy page], Julio login [Julio clicks on button that shows us the form to login, Julio enters 'Julio' into enter first name, Julio enters 'Gomez' into enter last name]]
[Test worker] WARN net.thucydides.core.steps.BaseStepListener - stepStarted: net.thucydides.core.steps.ExecutedStepDescription@67cffead
[Test worker] WARN net.thucydides.core.steps.BaseStepListener - stepFinished: current outcome:Search for a automation course:Given Julio is a young man who wants to be part of the Choucair Company [Julio open up [Julio opens the Choucair academy page], Julio login [Julio clicks on button that shows us the form to login, Julio enters 'Julio' into enter first name, Julio enters 'Gomez' into enter last name, Julio enters 'juliogm87@hotmail.com' into write the email]]
[Test worker] WARN net.thucydides.core.steps.BaseStepListener - stepStarted: net.thucydides.core.steps.ExecutedStepDescription@2abc8034
[Test worker] WARN net.thucydides.core.steps.BaseStepListener - stepFinished: current outcome:Search for a automation course:Given Julio is a young man who wants to be part of the Choucair Company [Julio open up [Julio opens the Choucair academy page], Julio login [Julio clicks on button that shows us the form to login, Julio enters 'Julio' into enter first name, Julio enters 'Gomez' into enter last name, Julio enters 'juliogm87@hotmail.com' into write the email, Julio select June on select the month]]
[Test worker] WARN net.thucydides.core.steps.BaseStepListener - stepStarted: net.thucydides.core.steps.ExecutedStepDescription@5d512ddb
[Test worker] WARN net.thucydides.core.steps.BaseStepListener - stepFinished: current outcome:Search for a automation course:Given Julio is a young man who wants to be part of the Choucair Company [Julio open up [Julio opens the Choucair academy page], Julio login [Julio clicks on button that shows us the form to login, Julio enters 'Julio' into enter first name, Julio enters 'Gomez' into enter last name, Julio enters 'juliogm87@hotmail.com' into write the email, Julio select June on select the month, Julio select 10 on select the day]]
[Test worker] WARN net.thucydides.core.steps.BaseStepListener - stepStarted: net.thucydides.core.steps.ExecutedStepDescription@8a6631b
[Test worker] WARN net.thucydides.core.steps.BaseStepListener - stepFinished: current outcome:Search for a automation course:Given Julio is a young man who wants to be part of the Choucair Company [Julio open up [Julio opens the Choucair academy page], Julio login [Julio clicks on button that shows us the form to login, Julio enters 'Julio' into enter first name, Julio enters 'Gomez' into enter last name, Julio enters 'juliogm87@hotmail.com' into write the email, Julio select June on select the month, Julio select 10 on select the day, Julio select 1987 on select the year]]
[Test worker] WARN net.thucydides.core.steps.BaseStepListener - stepStarted: net.thucydides.core.steps.ExecutedStepDescription@6a32191e
[Test worker] WARN net.thucydides.core.steps.BaseStepListener - stepFinished: current outcome:Search for a automation course:Given Julio is a young man who wants to be part of the Choucair Company [Julio open up [Julio opens the Choucair academy page], Julio login [Julio clicks on button that shows us the form to login, Julio enters 'Julio' into enter first name, Julio enters 'Gomez' into enter last name, Julio enters 'juliogm87@hotmail.com' into write the email, Julio select June on select the month, Julio select 10 on select the day, Julio select 1987 on select the year, Julio clicks on button next]]
[Test worker] WARN net.thucydides.core.steps.BaseStepListener - stepStarted: net.thucydides.core.steps.ExecutedStepDescription@7fedb795
[Test worker] WARN net.thucydides.core.steps.BaseStepListener - stepFinished: current outcome:Search for a automation course:Given Julio is a young man who wants to be part of the Choucair Company [Julio open up [Julio opens the Choucair academy page], Julio login [Julio clicks on button that shows us the form to login, Julio enters 'Julio' into enter first name, Julio enters 'Gomez' into enter last name, Julio enters 'juliogm87@hotmail.com' into write the email, Julio select June on select the month, Julio select 10 on select the day, Julio select 1987 on select the year, Julio clicks on button next, Julio enters 'Sincelejo sucre' into write the email]]
[Test worker] WARN net.thucydides.core.steps.BaseStepListener - stepStarted: net.thucydides.core.steps.ExecutedStepDescription@18dd5ed3
[Test worker] WARN net.thucydides.core.steps.BaseStepListener - stepFinished: current outcome:Search for a automation course:Given Julio is a young man who wants to be part of the Choucair Company [Julio open up [Julio opens the Choucair academy page], Julio login [Julio clicks on button that shows us the form to login, Julio enters 'Julio' into enter first name, Julio enters 'Gomez' into enter last name, Julio enters 'juliogm87@hotmail.com' into write the email, Julio select June on select the month, Julio select 10 on select the day, Julio select 1987 on select the year, Julio clicks on button next, Julio enters 'Sincelejo sucre' into write the email, Julio clicks on button next]]
[Test worker] WARN net.thucydides.core.steps.BaseStepListener - stepStarted: net.thucydides.core.steps.ExecutedStepDescription@3d40a3b4
[Test worker] WARN net.thucydides.core.steps.BaseStepListener - stepFinished: current outcome:Search for a automation course:Given Julio is a young man who wants to be part of the Choucair Company [Julio open up [Julio opens the Choucair academy page], Julio login [Julio clicks on button that shows us the form to login, Julio enters 'Julio' into enter first name, Julio enters 'Gomez' into enter last name, Julio enters 'juliogm87@hotmail.com' into write the email, Julio select June on select the month, Julio select 10 on select the day, Julio select 1987 on select the year, Julio clicks on button next, Julio enters 'Sincelejo sucre' into write the email, Julio clicks on button next, Julio enters '250251' into write the email]]
[Test worker] WARN net.thucydides.core.steps.BaseStepListener - stepStarted: net.thucydides.core.steps.ExecutedStepDescription@2b08772d
[Test worker] WARN net.thucydides.core.steps.BaseStepListener - stepFinished: current outcome:Search for a automation course:Given Julio is a young man who wants to be part of the Choucair Company [Julio open up [Julio opens the Choucair academy page], Julio login [Julio clicks on button that shows us the form to login, Julio enters 'Julio' into enter first name, Julio enters 'Gomez' into enter last name, Julio enters 'juliogm87@hotmail.com' into write the email, Julio select June on select the month, Julio select 10 on select the day, Julio select 1987 on select the year, Julio clicks on button next, Julio enters 'Sincelejo sucre' into write the email, Julio clicks on button next, Julio enters '250251' into write the email, Julio clicks on button next]]
[Test worker] WARN net.thucydides.core.steps.BaseStepListener - stepStarted: net.thucydides.core.steps.ExecutedStepDescription@6b4125ed
[Test worker] WARN net.thucydides.core.steps.BaseStepListener - stepFinished: current outcome:Search for a automation course:Given Julio is a young man who wants to be part of the Choucair Company [Julio open up [Julio opens the Choucair academy page], Julio login [Julio clicks on button that shows us the form to login, Julio enters 'Julio' into enter first name, Julio enters 'Gomez' into enter last name, Julio enters 'juliogm87@hotmail.com' into write the email, Julio select June on select the month, Julio select 10 on select the day, Julio select 1987 on select the year, Julio clicks on button next, Julio enters 'Sincelejo sucre' into write the email, Julio clicks on button next, Julio enters '250251' into write the email, Julio clicks on button next, Julio clicks on button next]]
[Test worker] WARN net.thucydides.core.steps.BaseStepListener - stepStarted: net.thucydides.core.steps.ExecutedStepDescription@f2276c9
[Test worker] WARN net.thucydides.core.steps.BaseStepListener - stepFinished: current outcome:Search for a automation course:Given Julio is a young man who wants to be part of the Choucair Company [Julio open up [Julio opens the Choucair academy page], Julio login [Julio clicks on button that shows us the form to login, Julio enters 'Julio' into enter first name, Julio enters 'Gomez' into enter last name, Julio enters 'juliogm87@hotmail.com' into write the email, Julio select June on select the month, Julio select 10 on select the day, Julio select 1987 on select the year, Julio clicks on button next, Julio enters 'Sincelejo sucre' into write the email, Julio clicks on button next, Julio enters '250251' into write the email, Julio clicks on button next, Julio clicks on button next, Julio enters 'J123456789.' into write the password]]
[Test worker] WARN net.thucydides.core.steps.BaseStepListener - stepStarted: net.thucydides.core.steps.ExecutedStepDescription@50110971
[Test worker] WARN net.thucydides.core.steps.BaseStepListener - stepFinished: current outcome:Search for a automation course:Given Julio is a young man who wants to be part of the Choucair Company [Julio open up [Julio opens the Choucair academy page], Julio login [Julio clicks on button that shows us the form to login, Julio enters 'Julio' into enter first name, Julio enters 'Gomez' into enter last name, Julio enters 'juliogm87@hotmail.com' into write the email, Julio select June on select the month, Julio select 10 on select the day, Julio select 1987 on select the year, Julio clicks on button next, Julio enters 'Sincelejo sucre' into write the email, Julio clicks on button next, Julio enters '250251' into write the email, Julio clicks on button next, Julio clicks on button next, Julio enters 'J123456789.' into write the password, Julio enters 'J123456789.' into write the confirm password]]
[Test worker] WARN net.thucydides.core.steps.BaseStepListener - stepStarted: net.thucydides.core.steps.ExecutedStepDescription@2bb41f5c
[Test worker] WARN net.thucydides.core.steps.BaseStepListener - stepFinished: current outcome:Search for a automation course:Given Julio is a young man who wants to be part of the Choucair Company [Julio open up [Julio opens the Choucair academy page], Julio login [Julio clicks on button that shows us the form to login, Julio enters 'Julio' into enter first name, Julio enters 'Gomez' into enter last name, Julio enters 'juliogm87@hotmail.com' into write the email, Julio select June on select the month, Julio select 10 on select the day, Julio select 1987 on select the year, Julio clicks on button next, Julio enters 'Sincelejo sucre' into write the email, Julio clicks on button next, Julio enters '250251' into write the email, Julio clicks on button next, Julio clicks on button next, Julio enters 'J123456789.' into write the password, Julio enters 'J123456789.' into write the confirm password, Julio clicks on accept terms of use ]]
[Test worker] WARN net.thucydides.core.steps.BaseStepListener - stepStarted: net.thucydides.core.steps.ExecutedStepDescription@364fd4ae
[Test worker] WARN net.thucydides.core.steps.BaseStepListener - stepFinished: current outcome:Search for a automation course:Given Julio is a young man who wants to be part of the Choucair Company [Julio open up [Julio opens the Choucair academy page], Julio login [Julio clicks on button that shows us the form to login, Julio enters 'Julio' into enter first name, Julio enters 'Gomez' into enter last name, Julio enters 'juliogm87@hotmail.com' into write the email, Julio select June on select the month, Julio select 10 on select the day, Julio select 1987 on select the year, Julio clicks on button next, Julio enters 'Sincelejo sucre' into write the email, Julio clicks on button next, Julio enters '250251' into write the email, Julio clicks on button next, Julio clicks on button next, Julio enters 'J123456789.' into write the password, Julio enters 'J123456789.' into write the confirm password, Julio clicks on accept terms of use , Julio clicks on accept terms of use ]]
[Test worker] WARN net.thucydides.core.steps.BaseStepListener - stepStarted: net.thucydides.core.steps.ExecutedStepDescription@50085d9c
[Test worker] WARN net.thucydides.core.steps.BaseStepListener - stepFinished: current outcome:Search for a automation course:Given Julio is a young man who wants to be part of the Choucair Company [Julio open up [Julio opens the Choucair academy page], Julio login [Julio clicks on button that shows us the form to login, Julio enters 'Julio' into enter first name, Julio enters 'Gomez' into enter last name, Julio enters 'juliogm87@hotmail.com' into write the email, Julio select June on select the month, Julio select 10 on select the day, Julio select 1987 on select the year, Julio clicks on button next, Julio enters 'Sincelejo sucre' into write the email, Julio clicks on button next, Julio enters '250251' into write the email, Julio clicks on button next, Julio clicks on button next, Julio enters 'J123456789.' into write the password, Julio enters 'J123456789.' into write the confirm password, Julio clicks on accept terms of use , Julio clicks on accept terms of use , Julio clicks on accept terms of use ]]
[Test worker] WARN net.thucydides.core.steps.BaseStepListener - stepFinished: current outcome:Search for a automation course:Given Julio is a young man who wants to be part of the Choucair Company [Julio open up [Julio opens the Choucair academy page], Julio login [Julio clicks on button that shows us the form to login, Julio enters 'Julio' into enter first name, Julio enters 'Gomez' into enter last name, Julio enters 'juliogm87@hotmail.com' into write the email, Julio select June on select the month, Julio select 10 on select the day, Julio select 1987 on select the year, Julio clicks on button next, Julio enters 'Sincelejo sucre' into write the email, Julio clicks on button next, Julio enters '250251' into write the email, Julio clicks on button next, Julio clicks on button next, Julio enters 'J123456789.' into write the password, Julio enters 'J123456789.' into write the confirm password, Julio clicks on accept terms of use , Julio clicks on accept terms of use , Julio clicks on accept terms of use ]]
[Test worker] WARN net.thucydides.core.steps.BaseStepListener - stepFinished: current outcome:Search for a automation course:Given Julio is a young man who wants to be part of the Choucair Company [Julio open up [Julio opens the Choucair academy page], Julio login [Julio clicks on button that shows us the form to login, Julio enters 'Julio' into enter first name, Julio enters 'Gomez' into enter last name, Julio enters 'juliogm87@hotmail.com' into write the email, Julio select June on select the month, Julio select 10 on select the day, Julio select 1987 on select the year, Julio clicks on button next, Julio enters 'Sincelejo sucre' into write the email, Julio clicks on button next, Julio enters '250251' into write the email, Julio clicks on button next, Julio clicks on button next, Julio enters 'J123456789.' into write the password, Julio enters 'J123456789.' into write the confirm password, Julio clicks on accept terms of use , Julio clicks on accept terms of use , Julio clicks on accept terms of use ]]
[Test worker] WARN net.thucydides.core.steps.BaseStepListener - stepStarted: net.thucydides.core.steps.ExecutedStepDescription@63fd4dda
[Test worker] WARN net.thucydides.core.steps.BaseStepListener - stepFinished: current outcome:Search for a automation course:Given Julio is a young man who wants to be part of the Choucair Company [Julio open up [Julio opens the Choucair academy page], Julio login [Julio clicks on button that shows us the form to login, Julio enters 'Julio' into enter first name, Julio enters 'Gomez' into enter last name, Julio enters 'juliogm87@hotmail.com' into write the email, Julio select June on select the month, Julio select 10 on select the day, Julio select 1987 on select the year, Julio clicks on button next, Julio enters 'Sincelejo sucre' into write the email, Julio clicks on button next, Julio enters '250251' into write the email, Julio clicks on button next, Julio clicks on button next, Julio enters 'J123456789.' into write the password, Julio enters 'J123456789.' into write the confirm password, Julio clicks on accept terms of use , Julio clicks on accept terms of use , Julio clicks on accept terms of use ]], When he search for the course Recursos Automatizacion Bancolombia on the choucair academy platform
[Test worker] WARN net.thucydides.core.steps.BaseStepListener - stepStarted: net.thucydides.core.steps.ExecutedStepDescription@4ea56bdb
[Test worker] WARN net.thucydides.core.steps.BaseStepListener - stepFinished: current outcome:Search for a automation course:Given Julio is a young man who wants to be part of the Choucair Company [Julio open up [Julio opens the Choucair academy page], Julio login [Julio clicks on button that shows us the form to login, Julio enters 'Julio' into enter first name, Julio enters 'Gomez' into enter last name, Julio enters 'juliogm87@hotmail.com' into write the email, Julio select June on select the month, Julio select 10 on select the day, Julio select 1987 on select the year, Julio clicks on button next, Julio enters 'Sincelejo sucre' into write the email, Julio clicks on button next, Julio enters '250251' into write the email, Julio clicks on button next, Julio clicks on button next, Julio enters 'J123456789.' into write the password, Julio enters 'J123456789.' into write the confirm password, Julio clicks on accept terms of use , Julio clicks on accept terms of use , Julio clicks on accept terms of use ]], When he search for the course Recursos Automatizacion Bancolombia on the choucair academy platform, Then he finds the course called resorces Recursos Automatizacion Bancolombia
[Test worker] WARN net.thucydides.core.steps.BaseStepListener - testFinished: Search for a automation course:Given Julio is a young man who wants to be part of the Choucair Company [Julio open up [Julio opens the Choucair academy page], Julio login [Julio clicks on button that shows us the form to login, Julio enters 'Julio' into enter first name, Julio enters 'Gomez' into enter last name, Julio enters 'juliogm87@hotmail.com' into write the email, Julio select June on select the month, Julio select 10 on select the day, Julio select 1987 on select the year, Julio clicks on button next, Julio enters 'Sincelejo sucre' into write the email, Julio clicks on button next, Julio enters '250251' into write the email, Julio clicks on button next, Julio clicks on button next, Julio enters 'J123456789.' into write the password, Julio enters 'J123456789.' into write the confirm password, Julio clicks on accept terms of use , Julio clicks on accept terms of use , Julio clicks on accept terms of use ]], When he search for the course Recursos Automatizacion Bancolombia on the choucair academy platform, Then he finds the course called resorces Recursos Automatizacion Bancolombia
[Test worker] WARN net.thucydides.core.steps.BaseStepListener - TestOutcomes: [Search for a automation course:Given Julio is a young man who wants to be part of the Choucair Company [Julio open up [Julio opens the Choucair academy page], Julio login [Julio clicks on button that shows us the form to login, Julio enters 'Julio' into enter first name, Julio enters 'Gomez' into enter last name, Julio enters 'juliogm87@hotmail.com' into write the email, Julio select June on select the month, Julio select 10 on select the day, Julio select 1987 on select the year, Julio clicks on button next, Julio enters 'Sincelejo sucre' into write the email, Julio clicks on button next, Julio enters '250251' into write the email, Julio clicks on button next, Julio clicks on button next, Julio enters 'J123456789.' into write the password, Julio enters 'J123456789.' into write the confirm password, Julio clicks on accept terms of use , Julio clicks on accept terms of use , Julio clicks on accept terms of use ]], When he search for the course Recursos Automatizacion Bancolombia on the choucair academy platform, Then he finds the course called resorces Recursos Automatizacion Bancolombia]
[Test worker] WARN net.thucydides.core.steps.BaseStepListener - Final testOutcomes: [Search for a automation course:Given Julio is a young man who wants to be part of the Choucair Company [Julio open up [Julio opens the Choucair academy page], Julio login [Julio clicks on button that shows us the form to login, Julio enters 'Julio' into enter first name, Julio enters 'Gomez' into enter last name, Julio enters 'juliogm87@hotmail.com' into write the email, Julio select June on select the month, Julio select 10 on select the day, Julio select 1987 on select the year, Julio clicks on button next, Julio enters 'Sincelejo sucre' into write the email, Julio clicks on button next, Julio enters '250251' into write the email, Julio clicks on button next, Julio clicks on button next, Julio enters 'J123456789.' into write the password, Julio enters 'J123456789.' into write the confirm password, Julio clicks on accept terms of use , Julio clicks on accept terms of use , Julio clicks on accept terms of use ]], When he search for the course Recursos Automatizacion Bancolombia on the choucair academy platform, Then he finds the course called resorces Recursos Automatizacion Bancolombia]
[Test worker] INFO net.thucydides.core.steps.ConsoleLoggingListener - 
        __    _____ _____ ____ _____   ____   _    ____  ____  _____ ____  
  _     \ \  |_   _| ____/ ___|_   _| |  _ \ / \  / ___|/ ___|| ____|  _ \ 
 (_)_____| |   | | |  _| \___ \ | |   | |_) / _ \ \___ \\___ \|  _| | | | |
  _|_____| |   | | | |___ ___) || |   |  __/ ___ \ ___) |___) | |___| |_| |
 (_)     | |   |_| |_____|____/ |_|   |_| /_/   \_\____/|____/|_____|____/ 
        /_/                                                                

TEST PASSED: Search for a automation course
----------------------------------------------------------------------------
]]></system-err>
</testsuite>
